1-D data sets directory: Z:\2022_Data\2022_3\xFang\SAXS\Averaged.

Time: 19-Nov-2022 20:43:26.

File name with serial #: Snxlbuf1_00003.
  This is a Buffer data.


File name with serial #: Snxl1a_00004.
  This is a Sample data.
  Rg =   29.81  +/-   37.51;  Rg =  2.063E-02  +/-  8.24E-05 
  Quality : 8.829690e-01%; Aggregated: 0.03


File name with serial #: Snxl1b_00005.
  This is a Sample data.
  Rg =   29.27  +/-   12.45;  Rg =  4.015E-02  +/-  1.17E-04 
  Quality : 8.002880e-01%; Aggregated: 0.06


File name with serial #: Snxl1c_00006.
  This is a Sample data.
  Rg =   28.38  +/-    4.76;  Rg =  7.961E-02  +/-  8.53E-05 
  Quality : 9.407180e-01%; Aggregated: -0.01


File name with serial #: Snxlbuf2_00007.
  This is a Buffer data.


File name with serial #: Snxl2a_00008.
Warning on Snxl2a_00008: 100 (more than 1/3) are outliers, Check the data!!!.
  This is a Sample data.
  BAD data for Guinier analysis!!!


File name with serial #: Snxl2b_00009.
  This is a Sample data.
  Rg =   32.83  +/-   12.11;  Rg =  8.919E-02  +/-  1.56E-04 
  Quality : 9.307040e-01%; Aggregated: 0.02


File name with serial #: Snxl2c_00010.
Warning on Snxl2c_00010:  64 (more than 1/3) are outliers, Check the data!!!.
  This is a Sample data.
  Rg =   33.48  +/-    0.47;  Rg =  1.852E-01  +/-  2.62E-04 
  Quality : 9.448150e-01%; Aggregated: 0.01


File name with serial #: Snxlbuf3_00011.
  This is a Buffer data.


File name with serial #: Snxl3a_00012.
  This is a Sample data.
  Rg =   31.13  +/-    7.92;  Rg =  2.974E-02  +/-  7.87E-05 
  Quality : 6.793460e-01%; Aggregated: 0.00


File name with serial #: Snxl3b_00013.
  This is a Sample data.
  Rg =   31.51  +/-   47.17;  Rg =  4.729E-02  +/-  1.37E-04 
  Quality : 9.074520e-01%; Aggregated: 0.05


File name with serial #: Snxl3c_00014.
  This is a Sample data.
  Rg =   38.13  +/-   24.32;  Rg =  1.140E-01  +/-  2.04E-04 
  Quality : 8.980810e-01%; Aggregated: 0.03


File name with serial #: Snxlbuf4_00015.
  This is a Buffer data.


File name with serial #: Snxlbuf1_00003.
  This is a Buffer data.


File name with serial #: Snxl1a_00004.
  This is a Sample data.
  BAD data for Guinier analysis!!!


File name with serial #: Snxl1b_00005.
  This is a Sample data.
  BAD data for Guinier analysis!!!


File name with serial #: Snxl1c_00006.
  This is a Sample data.
  BAD data for Guinier analysis!!!


File name with serial #: Snxlbuf2_00007.
  This is a Buffer data.


File name with serial #: Snxl2a_00008.
Warning on Snxl2a_00008: 100 (more than 1/3) are outliers, Check the data!!!.
  This is a Sample data.
  BAD data for Guinier analysis!!!


File name with serial #: Snxl2b_00009.
  This is a Sample data.
  BAD data for Guinier analysis!!!


File name with serial #: Snxl2c_00010.
Warning on Snxl2c_00010:  64 (more than 1/3) are outliers, Check the data!!!.
  This is a Sample data.
  BAD data for Guinier analysis!!!


File name with serial #: Snxlbuf3_00011.
  This is a Buffer data.


File name with serial #: Snxlbuf1_00003.
  This is a Buffer data.


File name with serial #: Snxl1a_00004.
  This is a Sample data.
  Rg =   29.81  +/-   37.51;  Rg =  2.063E-02  +/-  8.24E-05 
  Quality :  88%; Aggregated: 0.03


File name with serial #: Snxl1b_00005.
  This is a Sample data.
  Rg =   29.27  +/-   12.45;  Rg =  4.015E-02  +/-  1.17E-04 
  Quality :  80%; Aggregated: 0.06


File name with serial #: Snxl1c_00006.
  This is a Sample data.
  Rg =   28.38  +/-    4.76;  Rg =  7.961E-02  +/-  8.53E-05 
  Quality :  94%; Aggregated: -0.01


File name with serial #: Snxlbuf2_00007.
  This is a Buffer data.


File name with serial #: Snxl2a_00008.
Warning on Snxl2a_00008: 100 (more than 1/3) are outliers, Check the data!!!.
  This is a Sample data.
  BAD data for Guinier analysis!!!


File name with serial #: Snxl2b_00009.
  This is a Sample data.
  Rg =   32.83  +/-   12.11;  Rg =  8.919E-02  +/-  1.56E-04 
  Quality :  93%; Aggregated: 0.02


File name with serial #: Snxl2c_00010.
Warning on Snxl2c_00010:  64 (more than 1/3) are outliers, Check the data!!!.
  This is a Sample data.
  Rg =   33.48  +/-    0.47;  Rg =  1.852E-01  +/-  2.62E-04 
  Quality :  94%; Aggregated: 0.01


File name with serial #: Snxlbuf3_00011.
  This is a Buffer data.


File name with serial #: Snxl3a_00012.
  This is a Sample data.
  Rg =   31.13  +/-    7.92;  Rg =  2.974E-02  +/-  7.87E-05 
  Quality :  68%; Aggregated: 0.00


File name with serial #: Snxl3b_00013.
  This is a Sample data.
  Rg =   31.51  +/-   47.17;  Rg =  4.729E-02  +/-  1.37E-04 
  Quality :  91%; Aggregated: 0.05


File name with serial #: Snxl3c_00014.
  This is a Sample data.
  Rg =   38.13  +/-   24.32;  Rg =  1.140E-01  +/-  2.04E-04 
  Quality :  90%; Aggregated: 0.03


File name with serial #: Snxlbuf4_00015.
  This is a Buffer data.


File name with serial #: Snxl4_00016.
  This is a Sample data.
  Rg =   32.31  +/-   12.10;  Rg =  5.331E-02  +/-  8.90E-05 
  Quality :  96%; Aggregated: 0.00


File name with serial #: Snxlbuf5_00017.
  This is a Buffer data.


File name with serial #: Snxl5_00018.
  This is a Sample data.
  Rg =   32.35  +/-    9.08;  Rg =  6.956E-02  +/-  8.00E-05 
  Quality :  97%; Aggregated: 0.00


File name with serial #: Snxlbuf6_00019.
  This is a Buffer data.


File name with serial #: Snxl6_00020.
  This is a Sample data.
  BAD data for Guinier analysis!!!


File name with serial #: Snxlbuf7_00021.
Warning on Snxlbuf7_00021: 100 (more than 1/3) are outliers, Check the data!!!.
  This is a Buffer data.


File name with serial #: Snxl7_00022.
  This is a Sample data.
  BAD data for Guinier analysis!!!


File name with serial #: Snxlbuf8_00023.
  This is a Buffer data.


File name with serial #: Snxl8_00024.
  This is a Sample data.
  Rg =   30.50  +/-   12.35;  Rg =  7.882E-02  +/-  1.03E-04 
  Quality :  95%; Aggregated: -0.00


File name with serial #: Snxlbuf9_00025.
  This is a Buffer data.


File name with serial #: Snxl9_00026.
  This is a Sample data.
  Rg =   30.18  +/-   16.01;  Rg =  7.639E-02  +/-  7.41E-05 
  Quality :  99%; Aggregated: -0.00


File name with serial #: Snxlbuf10_00027.
  This is a Buffer data.


File name with serial #: Snxl10_00028.
  This is a Sample data.
  BAD data for Guinier analysis!!!


File name with serial #: Snxlbuf11_00029.
  This is a Buffer data.


File name with serial #: Snxl11_00030.
  This is a Sample data.
  Rg =   30.33  +/-   17.39;  Rg =  6.507E-02  +/-  9.83E-05 
  Quality :  95%; Aggregated: 0.01


File name with serial #: Snxlbuf12_00031.
  This is a Buffer data.


File name with serial #: Snxl12_00032.
  This is a Sample data.
  Rg =   29.68  +/-    7.68;  Rg =  5.925E-02  +/-  9.90E-05 
  Quality :  97%; Aggregated: 0.00


File name with serial #: Snxlbuf13_00033.
  This is a Buffer data.


File name with serial #: Snxl13_00034.
  This is a Sample data.
  Rg =   29.23  +/-    6.81;  Rg =  5.480E-02  +/-  8.66E-05 
  Quality :  95%; Aggregated: -0.00


File name with serial #: Snxlbuf14_00035.
  This is a Buffer data.


File name with serial #: Snxl14_00036.
  This is a Sample data.
  Rg =   28.84  +/-    0.29;  Rg =  6.582E-02  +/-  8.31E-05 
  Quality :  97%; Aggregated: -0.00


File name with serial #: Snxlbuf15_00037.
  This is a Buffer data.


File name with serial #: Snxl15_00038.
  This is a Sample data.
  Rg =   29.26  +/-   16.33;  Rg =  5.549E-02  +/-  7.08E-05 
  Quality :  96%; Aggregated: 0.00


File name with serial #: Snxlbuf16_00039.
  This is a Buffer data.


File name with serial #: Snxl16_00040.
  This is a Sample data.
  Rg =   29.34  +/-   17.34;  Rg =  5.969E-02  +/-  9.16E-05 
  Quality :  97%; Aggregated: 0.00


File name with serial #: Snxlbuf17_00041.
  This is a Buffer data.


File name with serial #: Snxl17_00042.
  This is a Sample data.
  Rg =   28.71  +/-   28.47;  Rg =  5.353E-02  +/-  8.59E-05 
  Quality :  96%; Aggregated: 0.01


File name with serial #: Snxlbuf18_00043.
  This is a Buffer data.


File name with serial #: Snxl18a_00044.
  This is a Sample data.
  Rg =   30.88  +/-   16.38;  Rg =  1.703E-02  +/-  1.04E-04 
  Quality :  91%; Aggregated: 0.10


File name with serial #: Snxl18b_00045.
  This is a Sample data.
  Rg =   28.63  +/-   21.98;  Rg =  3.229E-02  +/-  5.72E-05 
  Quality :  98%; Aggregated: 0.00


File name with serial #: Snxl18c_00046.
  This is a Sample data.
  Rg =   28.36  +/-    9.92;  Rg =  5.940E-02  +/-  6.94E-05 
  Quality :  99%; Aggregated: 0.00


File name with serial #: Snxlbuf19_00047.
  This is a Buffer data.


File name with serial #: Snxl19_00048.
  This is a Sample data.
  Rg =   28.82  +/-   22.76;  Rg =  6.668E-02  +/-  1.01E-04 
  Quality :  95%; Aggregated: 0.01


File name with serial #: Snxlbuf20_00049.
  This is a Buffer data.


File name with serial #: Snxl20_00050.
  This is a Sample data.
  Rg =   31.50  +/-    3.32;  Rg =  5.261E-02  +/-  7.22E-05 
  Quality :  99%; Aggregated: -0.00


File name with serial #: Snxlbuf21_00051.
  This is a Buffer data.


File name with serial #: Snxl21_00052.
  This is a Sample data.
  Rg =   34.44  +/-   70.38;  Rg =  5.402E-02  +/-  1.61E-04 
  Quality :  88%; Aggregated: 0.08


File name with serial #: Snxlbuf22_00053.
  This is a Buffer data.


File name with serial #: Snxl22_00054.
  This is a Sample data.
  Rg =   31.52  +/-   12.21;  Rg =  5.190E-02  +/-  7.94E-05 
  Quality :  99%; Aggregated: -0.00


File name with serial #: Snxlbuf23_00055.
  This is a Buffer data.


File name with serial #: Snxl23_00056.
  This is a Sample data.
  Rg =   31.96  +/-   25.74;  Rg =  4.206E-02  +/-  9.35E-05 
  Quality :  95%; Aggregated: 0.01


File name with serial #: Snxlbuf24_00057.
  This is a Buffer data.


File name with serial #: Snxl24_00058.
  This is a Sample data.
  Rg =   30.54  +/-    5.26;  Rg =  4.881E-02  +/-  1.03E-04 
  Quality :  95%; Aggregated: -0.01


File name with serial #: Snxlbuf25_00059.
  This is a Buffer data.


File name with serial #: Snxl25_00060.
  This is a Sample data.
  Rg =   30.95  +/-   21.18;  Rg =  5.506E-02  +/-  1.01E-04 
  Quality :  95%; Aggregated: 0.00


File name with serial #: Snxlbuf26_00061.
  This is a Buffer data.


File name with serial #: Snxl26a_00062.
Warning on Snxl26a_00062: 100 (more than 1/3) are outliers, Check the data!!!.
  This is a Sample data.
  BAD data for Guinier analysis!!!


File name with serial #: Snxl26b_00063.
  This is a Sample data.
  BAD data for Guinier analysis!!!


File name with serial #: Snxlbuf27_00064.
  This is a Buffer data.


File name with serial #: Snxl27_00065.
  This is a Sample data.
  BAD data for Guinier analysis!!!


File name with serial #: Snxlbuf28_00066.
  This is a Buffer data.


File name with serial #: Snxl28a_00067.
Warning on Snxl28a_00067: 100 (more than 1/3) are outliers, Check the data!!!.
  This is a Sample data.
  BAD data for Guinier analysis!!!


File name with serial #: Snxl28b_00068.
  This is a Sample data.
  Rg =   40.33  +/-   10.85;  Rg =  7.110E-02  +/-  1.64E-04 
  Quality :  99%; Aggregated: -0.00


File name with serial #: Snxl28c_00069.
Warning on Snxl28c_00069: 100 (more than 1/3) are outliers, Check the data!!!.
  This is a Sample data.
  BAD data for Guinier analysis!!!


File name with serial #: Snxlbuf29_00070.
  This is a Buffer data.


File name with serial #: Snxl29a_00071.
  This is a Sample data.
  Rg =   26.92  +/-   27.96;  Rg =  2.654E-02  +/-  6.56E-05 
  Quality :  94%; Aggregated: 0.01


File name with serial #: Snxl29b_00072.
  This is a Sample data.
  Rg =   26.38  +/-   10.43;  Rg =  5.434E-02  +/-  8.37E-05 
  Quality :  97%; Aggregated: -0.00


File name with serial #: Snxl29c_00073.
  This is a Sample data.
  Rg =   26.62  +/-    7.10;  Rg =  1.023E-01  +/-  8.94E-05 
  Quality :  98%; Aggregated: -0.00


File name with serial #: Snxlbuf30_00074.
Warning on Snxlbuf30_00074: 100 (more than 1/3) are outliers, Check the data!!!.
  This is a Buffer data.


File name with serial #: Snxl30a_00075.
  This is a Sample data.
  BAD data for Guinier analysis!!!


File name with serial #: Snxl30b_00076.
  This is a Sample data.
  BAD data for Guinier analysis!!!


File name with serial #: Snxl30c_00077.
  This is a Sample data.
  BAD data for Guinier analysis!!!


File name with serial #: SWTbuf1_00078.
  This is a Buffer data.


File name with serial #: SWT1a_00079.
Warning on SWT1a_00079: 100 (more than 1/3) are outliers, Check the data!!!.
  This is a Sample data.
  BAD data for Guinier analysis!!!


File name with serial #: SWT1b_00080.
  This is a Sample data.
  Rg =   28.27  +/-   28.70;  Rg =  4.762E-02  +/-  1.45E-04 
  Quality :  90%; Aggregated: 0.07


File name with serial #: SWT1c_00081.
  This is a Sample data.
  Rg =   31.60  +/-   26.42;  Rg =  1.031E-01  +/-  2.34E-04 
  Quality :  89%; Aggregated: 0.12


File name with serial #: SWTbuf2_00082.
  This is a Buffer data.


File name with serial #: SWT2a_00083.
  This is a Sample data.
  BAD data for Guinier analysis!!!


File name with serial #: SWT2b_00084.
  This is a Sample data.
  Rg =   21.57  +/-   18.17;  Rg =  4.260E-02  +/-  8.70E-05 
  Quality :  36%; Aggregated: 0.02


File name with serial #: SWT2c_00085.
  This is a Sample data.
  Rg =   22.75  +/-   39.35;  Rg =  8.758E-02  +/-  1.29E-04 
  Quality :  66%; Aggregated: 0.03


File name with serial #: SWTbuf3_00086.
Warning on SWTbuf3_00086:  64 (more than 1/3) are outliers, Check the data!!!.
  This is a Buffer data.


File name with serial #: SWT3a_00087.
Warning on SWT3a_00087: 100 (more than 1/3) are outliers, Check the data!!!.
  This is a Sample data.
  BAD data for Guinier analysis!!!


File name with serial #: SWT3b_00088.
  This is a Sample data.
  Rg =   34.85  +/-    0.21;  Rg =  1.077E-01  +/-  1.95E-04 
  Quality :  60%; Aggregated: -0.05


File name with serial #: SWT3c_00089.
  This is a Sample data.
  BAD data for Guinier analysis!!!


File name with serial #: Snxlbuf2_00090.
  This is a Buffer data.


File name with serial #: Snxl2a_00091.
  This is a Sample data.
  BAD data for Guinier analysis!!!


File name with serial #: Snxl2c_00092.
  This is a Sample data.
  Rg =   35.50  +/-   40.08;  Rg =  1.821E-01  +/-  2.19E-04 
  Quality :  88%; Aggregated: 0.06


File name with serial #: Snxlbuf7_00093.
Warning on Snxlbuf7_00093:  38 (more than 1/3) are outliers, Check the data!!!.
  This is a Buffer data.


File name with serial #: Snxl7_00094.
  This is a Sample data.
  Rg =   32.66  +/-   37.24;  Rg =  7.811E-02  +/-  1.26E-04 
  Quality :  92%; Aggregated: 0.03


File name with serial #: Snxlbuf10_00095.
  This is a Buffer data.


File name with serial #: Snxl10_00096.
  This is a Sample data.
  BAD data for Guinier analysis!!!


File name with serial #: Snxlbuf26_00097.
  This is a Buffer data.


File name with serial #: Snxl26a_00098.
  This is a Sample data.
  BAD data for Guinier analysis!!!


File name with serial #: Snxlbuf28_00099.
  This is a Buffer data.


File name with serial #: Snxl28a_00100.
  This is a Sample data.
  Rg =   44.12  +/-   30.80;  Rg =  3.686E-02  +/-  1.96E-04 
  Quality :  87%; Aggregated: 0.11


File name with serial #: Snxl28c_00101.
Warning on Snxl28c_00101: 100 (more than 1/3) are outliers, Check the data!!!.
  This is a Sample data.
  BAD data for Guinier analysis!!!


File name with serial #: Snxlbuf30_00102.
  This is a Buffer data.


File name with serial #: Snxl30c_00103.
  This is a Sample data.
  Rg =   34.67  +/-   16.78;  Rg =  1.478E-01  +/-  1.74E-04 
  Quality :  95%; Aggregated: 0.01


File name with serial #: SWTbuf1_00104.
  This is a Buffer data.


File name with serial #: SWT1a_00105.
  This is a Sample data.
  Rg =   40.07  +/-   13.94;  Rg =  2.465E-02  +/-  2.19E-04 
  Quality :  87%; Aggregated: 0.36


File name with serial #: SWT1b_00106.
  This is a Sample data.
  Rg =   31.92  +/-   30.29;  Rg =  4.727E-02  +/-  1.64E-04 
  Quality :  88%; Aggregated: 0.16


File name with serial #: SWT1c_00107.
  This is a Sample data.
  Rg =   31.17  +/-   35.67;  Rg =  9.529E-02  +/-  1.77E-04 
  Quality :  90%; Aggregated: 0.08


File name with serial #: SWTbuf3_00108.
  This is a Buffer data.


File name with serial #: SWT3a_00109.
  This is a Sample data.
  Rg =   34.24  +/-    0.38;  Rg =  4.729E-02  +/-  1.60E-04 
  Quality :  80%; Aggregated: -0.05


File name with serial #: SWT3b_00110.
  This is a Sample data.
  Rg =   34.54  +/-    0.46;  Rg =  1.036E-01  +/-  1.80E-04 
  Quality :  93%; Aggregated: -0.02


File name with serial #: SWT3c_00111.
  This is a Sample data.
  Rg =   34.56  +/-    0.29;  Rg =  1.678E-01  +/-  1.99E-04 
  Quality :   0%; Aggregated: -0.01


File name with serial #: SWT3c_00112.
  This is a Sample data.
  BAD data for Guinier analysis!!!

# Second plate

File name with serial #: SZJBuf1_00113.
  This is a Buffer data.


File name with serial #: SZJ1a_00114.
Warning on SZJ1a_00114:  67 (more than 1/3) are outliers, Check the data!!!.
  This is a Sample data.
  Rg =   46.47  +/-    7.14;  Rg =  5.001E-01  +/-  5.80E-04 
  Quality :  91%; Aggregated: 0.02


File name with serial #: SZJ1b_00115.
Warning on SZJ1b_00115:  42 (more than 1/3) are outliers, Check the data!!!.
  This is a Sample data.
  Rg =   48.71  +/-   19.47;  Rg =  2.578E-01  +/-  4.19E-04 
  Quality :  99%; Aggregated: -0.00


File name with serial #: SZJ1c_00116.
  This is a Sample data.
  Rg =   48.78  +/-   12.20;  Rg =  1.383E-01  +/-  2.40E-04 
  Quality :  95%; Aggregated: 0.00


File name with serial #: SZJBuf2_00117.
  This is a Buffer data.


File name with serial #: SZJ2a_00118.
Warning on SZJ2a_00118: 100 (more than 1/3) are outliers, Check the data!!!.
  This is a Sample data.
  BAD data for Guinier analysis!!!


File name with serial #: SZJ2b_00119.
  This is a Sample data.
  Rg =   48.59  +/-   31.77;  Rg =  2.926E-01  +/-  4.88E-04 
  Quality :  89%; Aggregated: 0.03


File name with serial #: SZJ2c_00120.
  This is a Sample data.
  Rg =   50.08  +/-   16.31;  Rg =  1.463E-01  +/-  2.59E-04 
  Quality :  91%; Aggregated: 0.01


File name with serial #: SZJBuf3_00121.
  This is a Buffer data.


File name with serial #: SZJ3a_00122.
Warning on SZJ3a_00122: 100 (more than 1/3) are outliers, Check the data!!!.
  This is a Sample data.
  BAD data for Guinier analysis!!!


File name with serial #: SZJ3b_00123.
  This is a Sample data.
  Rg =   49.21  +/-   21.04;  Rg =  2.947E-01  +/-  3.69E-04 
  Quality :  88%; Aggregated: 0.02


File name with serial #: SZJ3c_00124.
  This is a Sample data.
  Rg =   49.76  +/-    6.37;  Rg =  1.448E-01  +/-  2.08E-04 
  Quality :  96%; Aggregated: -0.00


File name with serial #: SZJBuf4_00125.
  This is a Buffer data.


File name with serial #: SZJ4a_00126.
  This is a Sample data.
  BAD data for Guinier analysis!!!


File name with serial #: SZJ4b_00127.
Warning on SZJ4b_00127: 100 (more than 1/3) are outliers, Check the data!!!.
  This is a Sample data.
  BAD data for Guinier analysis!!!


File name with serial #: SZJ4c_00128.
  This is a Sample data.
  Rg =   50.76  +/-   12.61;  Rg =  1.050E-01  +/-  2.10E-04 
  Quality :  99%; Aggregated: 0.00


File name with serial #: SZJBuf5_00129.
  This is a Buffer data.


File name with serial #: SZJ5a_00130.
  This is a Sample data.
  Rg =   47.82  +/-   10.64;  Rg =  3.455E-01  +/-  2.99E-04 
  Quality : 100%; Aggregated: -0.00


File name with serial #: SZJBuf6_00131.
  This is a Buffer data.


File name with serial #: SZJ6_00132.
  This is a Sample data.
  BAD data for Guinier analysis!!!


File name with serial #: SZJBuf7_00133.
  This is a Buffer data.


File name with serial #: SZJ7_00134.
  This is a Sample data.
  Rg =   49.47  +/-    8.54;  Rg =  2.775E-01  +/-  2.48E-04 
  Quality :  99%; Aggregated: -0.00


File name with serial #: SZJBuf8_00135.
  This is a Buffer data.


File name with serial #: SZJ7_00136.
  This is a Sample data.
  Rg =   60.24  +/-   17.07;  Rg =  2.239E-01  +/-  6.43E-04 
  Quality :  89%; Aggregated: 0.02


File name with serial #: SZJBuf9_00137.
  This is a Buffer data.


File name with serial #: SZJ9_00138.
  This is a Sample data.
  BAD data for Guinier analysis!!!


File name with serial #: SZJBuf10_00139.
  This is a Buffer data.


File name with serial #: SZJ10_00140.
  This is a Sample data.
  Rg =   57.15  +/-    0.48;  Rg =  2.205E-01  +/-  2.99E-04 
  Quality :  94%; Aggregated: -0.01


File name with serial #: SZJBuf11_00141.
  This is a Buffer data.


File name with serial #: SZJ11_00142.
  This is a Sample data.
  Rg =   60.94  +/-    3.59;  Rg =  2.279E-01  +/-  5.26E-04 
  Quality :  98%; Aggregated: -0.00


File name with serial #: SZJBuf12_00143.
  This is a Buffer data.


File name with serial #: SZJ12_00144.
Warning on SZJ12_00144: 100 (more than 1/3) are outliers, Check the data!!!.
  This is a Sample data.
  BAD data for Guinier analysis!!!


File name with serial #: SZJBuf13_00145.
  This is a Buffer data.


File name with serial #: SZJ13_00146.
  This is a Sample data.
  Rg =   68.26  +/-   16.07;  Rg =  2.535E-01  +/-  1.16E-03 
  Quality :  85%; Aggregated: 0.06


File name with serial #: SZJBuf14_00147.
  This is a Buffer data.


File name with serial #: SZJ14_00148.
Warning on SZJ14_00148: 100 (more than 1/3) are outliers, Check the data!!!.
  This is a Sample data.
  BAD data for Guinier analysis!!!


File name with serial #: SZJBuf15_00149.
  This is a Buffer data.


File name with serial #: SZJ15_00150.
Warning on SZJ15_00150: 100 (more than 1/3) are outliers, Check the data!!!.
  This is a Sample data.
  BAD data for Guinier analysis!!!


File name with serial #: SZJBuf16_00151.
  This is a Buffer data.


File name with serial #: SZJ16_00152.
Warning on SZJ16_00152:  56 (more than 1/3) are outliers, Check the data!!!.
  This is a Sample data.
  Rg =   90.07  +/-   34.69;  Rg =  3.710E-01  +/-  2.88E-03 
  Quality :  78%; Aggregated: 0.22


File name with serial #: SZJBuf17_00153.
  This is a Buffer data.


File name with serial #: SZJ17_00154.
  This is a Sample data.
  Rg =   63.73  +/-    1.23;  Rg =  4.096E-01  +/-  6.23E-04 
  Quality :  94%; Aggregated: 0.00


File name with serial #: SZJBuf18_00155.
Warning on SZJBuf18_00155: 100 (more than 1/3) are outliers, Check the data!!!.
  This is a Buffer data.


File name with serial #: SZJ18_00156.
Warning on SZJ18_00156:  56 (more than 1/3) are outliers, Check the data!!!.
  This is a Sample data.
  BAD data for Guinier analysis!!!


File name with serial #: SZJBuf19_00157.
  This is a Buffer data.


File name with serial #: SZJ19_00158.
Warning on SZJ19_00158:  93 (more than 1/3) are outliers, Check the data!!!.
  This is a Sample data.
  Rg =   65.62  +/-   10.54;  Rg =  3.532E-01  +/-  1.31E-03 
  Quality :  95%; Aggregated: 0.00


File name with serial #: SZJBuf20_00159.
  This is a Buffer data.


File name with serial #: SZJ20_00160.
  This is a Sample data.
  Rg =   64.21  +/-    2.18;  Rg =  3.021E-01  +/-  5.83E-04 
  Quality :  99%; Aggregated: -0.00


File name with serial #: SZJBuf21_00161.
  This is a Buffer data.


File name with serial #: SZJ21_00162.
Warning on SZJ21_00162:  38 (more than 1/3) are outliers, Check the data!!!.
  This is a Sample data.
  Rg =   65.00  +/-    5.65;  Rg =  3.000E-01  +/-  5.91E-04 
  Quality :  95%; Aggregated: 0.00


File name with serial #: SZJBuf22_00163.
  This is a Buffer data.


File name with serial #: SZJ22_00164.
  This is a Sample data.
  Rg =   63.66  +/-   18.09;  Rg =  3.728E-01  +/-  6.19E-04 
  Quality :  88%; Aggregated: 0.02


File name with serial #: SZJBuf23_00165.
  This is a Buffer data.


File name with serial #: SZJ23_00166.
  This is a Sample data.
  Rg =   68.52  +/-   15.05;  Rg =  3.070E-01  +/-  9.05E-04 
  Quality :  91%; Aggregated: 0.01


# second run for second plate
File name with serial #: SZJBuf1_00167.
  This is a Buffer data.


File name with serial #: SZJ1a_00168.
Warning on SZJ1a_00168: 100% (more than 1/3) are outliers, Check the data!!!.
  This is a Sample data.
  BAD data for Guinier analysis!!!


File name with serial #: SZJ1b_00169.
Warning on SZJ1b_00169:  64% (more than 1/3) are outliers, Check the data!!!.
  This is a Sample data.
  Rg =   48.05  +/-    4.72;  Rg =  2.520E-01  +/-  3.31E-04 
  Quality :  98%; Aggregated: -0.00


File name with serial #: SZJ1c_00170.
  This is a Sample data.
  Rg =   48.17  +/-    4.76;  Rg =  1.355E-01  +/-  1.82E-04 
  Quality :  97%; Aggregated: -0.00


File name with serial #: SZJBuf2_00171.
  This is a Buffer data.


File name with serial #: SZJ2a_00172.
Warning on SZJ2a_00172:  62% (more than 1/3) are outliers, Check the data!!!.
  This is a Sample data.
  Rg =   46.31  +/-   16.64;  Rg =  4.878E-01  +/-  5.95E-04 
  Quality :  92%; Aggregated: 0.01


File name with serial #: SZJBuf3_00173.
  This is a Buffer data.


File name with serial #: SZJ3a_00174.
Warning on SZJ3a_00174:  78% (more than 1/3) are outliers, Check the data!!!.
  This is a Sample data.
  Rg =   46.70  +/-   15.59;  Rg =  5.336E-01  +/-  6.27E-04 
  Quality :  96%; Aggregated: 0.00


File name with serial #: SZJBuf4_00175.
  This is a Buffer data.


File name with serial #: SZJ4a_00176.
  This is a Sample data.
  BAD data for Guinier analysis!!!


File name with serial #: SZJ4b_00177.
  This is a Sample data.
  Rg =   50.44  +/-    8.69;  Rg =  1.931E-01  +/-  3.57E-04 
  Quality :  98%; Aggregated: -0.00


File name with serial #: SZJBuf6_00178.
  This is a Buffer data.


File name with serial #: SZJ6_00179.
Warning on SZJ6_00179:  58% (more than 1/3) are outliers, Check the data!!!.
  This is a Sample data.
  BAD data for Guinier analysis!!!


File name with serial #: SZJBuf9_00180.
  This is a Buffer data.


File name with serial #: SZJ9_00181.
  This is a Sample data.
  BAD data for Guinier analysis!!!


File name with serial #: SZJBuf12_00182.
  This is a Buffer data.


File name with serial #: SZJ12_00183.
Warning on SZJ12_00183: 100% (more than 1/3) are outliers, Check the data!!!.
  This is a Sample data.
  BAD data for Guinier analysis!!!


File name with serial #: SZJBuf14_00184.
  This is a Buffer data.


File name with serial #: SZJ14_00185.
Warning on SZJ14_00185: 100% (more than 1/3) are outliers, Check the data!!!.
  This is a Sample data.
  BAD data for Guinier analysis!!!


File name with serial #: SZJBuf15_00186.
  This is a Buffer data.


File name with serial #: SZJ15_00187.
Warning on SZJ15_00187: 100% (more than 1/3) are outliers, Check the data!!!.
  This is a Sample data.
  BAD data for Guinier analysis!!!


File name with serial #: SZJBuf16_00188.
Warning on SZJBuf16_00188:  49% (more than 1/3) are outliers, Check the data!!!.
  This is a Buffer data.


File name with serial #: SZJ16_00189.
Warning on SZJ16_00189: 100% (more than 1/3) are outliers, Check the data!!!.
  This is a Sample data.
  BAD data for Guinier analysis!!!


File name with serial #: SZJBuf17_00190.
  This is a Buffer data.


File name with serial #: SZJ17_00191.
  This is a Sample data.
  Rg =   62.79  +/-    2.79;  Rg =  3.801E-01  +/-  7.48E-04 
  Quality :  91%; Aggregated: 0.01


File name with serial #: SZJBuf18_00192.
  This is a Buffer data.


File name with serial #: SZJ18_00193.
  This is a Sample data.
  Rg =   63.80  +/-   25.90;  Rg =  2.743E-01  +/-  7.26E-04 
  Quality :  88%; Aggregated: 0.04


File name with serial #: SZJBuf19_00194.
Warning on SZJBuf19_00194:  36% (more than 1/3) are outliers, Check the data!!!.
  This is a Buffer data.


File name with serial #: SZJ19_00195.
  This is a Sample data.
  Rg =   63.99  +/-    0.48;  Rg =  2.896E-01  +/-  3.08E-04 
  Quality :  97%; Aggregated: -0.00


File name with serial #: SZJBuf1_00167.
  This is a Buffer data.


File name with serial #: SZJ1a_00168.
Warning on SZJ1a_00168: 100% (more than 1/3) are outliers, Check the data!!!.
  This is a Sample data.
  BAD data for Guinier analysis!!!


File name with serial #: SZJ1b_00169.
Warning on SZJ1b_00169:  64% (more than 1/3) are outliers, Check the data!!!.
  This is a Sample data.
  Rg =   48.05  +/-    4.72;  Rg =  2.520E-01  +/-  3.31E-04 
  Quality :  98%; Aggregated: -0.00


File name with serial #: SZJ1c_00170.
  This is a Sample data.
  Rg =   48.17  +/-    4.76;  Rg =  1.355E-01  +/-  1.82E-04 
  Quality :  97%; Aggregated: -0.00


File name with serial #: SZJBuf2_00171.
  This is a Buffer data.


File name with serial #: SZJ2a_00172.
Warning on SZJ2a_00172:  62% (more than 1/3) are outliers, Check the data!!!.
  This is a Sample data.
  Rg =   46.31  +/-   16.64;  Rg =  4.878E-01  +/-  5.95E-04 
  Quality :  92%; Aggregated: 0.01


File name with serial #: SZJBuf3_00173.
  This is a Buffer data.


File name with serial #: SZJ3a_00174.
Warning on SZJ3a_00174:  78% (more than 1/3) are outliers, Check the data!!!.
  This is a Sample data.
  Rg =   46.70  +/-   15.59;  Rg =  5.336E-01  +/-  6.27E-04 
  Quality :  96%; Aggregated: 0.00


File name with serial #: SZJBuf4_00175.
  This is a Buffer data.


File name with serial #: SZJ4a_00176.
  This is a Sample data.
  BAD data for Guinier analysis!!!


File name with serial #: SZJ4b_00177.
  This is a Sample data.
  Rg =   50.44  +/-    8.69;  Rg =  1.931E-01  +/-  3.57E-04 
  Quality :  98%; Aggregated: -0.00


File name with serial #: SZJBuf6_00178.
  This is a Buffer data.


File name with serial #: SZJ6_00179.
Warning on SZJ6_00179:  58% (more than 1/3) are outliers, Check the data!!!.
  This is a Sample data.
  BAD data for Guinier analysis!!!


File name with serial #: SZJBuf9_00180.
  This is a Buffer data.


File name with serial #: SZJ9_00181.
  This is a Sample data.
  BAD data for Guinier analysis!!!


File name with serial #: SZJBuf12_00182.
  This is a Buffer data.


File name with serial #: SZJ12_00183.
Warning on SZJ12_00183: 100% (more than 1/3) are outliers, Check the data!!!.
  This is a Sample data.
  BAD data for Guinier analysis!!!


File name with serial #: SZJBuf14_00184.
  This is a Buffer data.


File name with serial #: SZJ14_00185.
Warning on SZJ14_00185: 100% (more than 1/3) are outliers, Check the data!!!.
  This is a Sample data.
  BAD data for Guinier analysis!!!


File name with serial #: SZJBuf15_00186.
  This is a Buffer data.


File name with serial #: SZJ15_00187.
Warning on SZJ15_00187: 100% (more than 1/3) are outliers, Check the data!!!.
  This is a Sample data.
  BAD data for Guinier analysis!!!


File name with serial #: SZJBuf16_00188.
Warning on SZJBuf16_00188:  49% (more than 1/3) are outliers, Check the data!!!.
  This is a Buffer data.


File name with serial #: SZJ16_00189.
Warning on SZJ16_00189: 100% (more than 1/3) are outliers, Check the data!!!.
  This is a Sample data.
  BAD data for Guinier analysis!!!


File name with serial #: SZJBuf17_00190.
  This is a Buffer data.


File name with serial #: SZJ17_00191.
  This is a Sample data.
  Rg =   62.79  +/-    2.79;  Rg =  3.801E-01  +/-  7.48E-04 
  Quality :  91%; Aggregated: 0.01


File name with serial #: SZJBuf18_00192.
  This is a Buffer data.


File name with serial #: SZJ18_00193.
  This is a Sample data.
  Rg =   63.80  +/-   25.90;  Rg =  2.743E-01  +/-  7.26E-04 
  Quality :  88%; Aggregated: 0.04


File name with serial #: SZJBuf19_00194.
Warning on SZJBuf19_00194:  36% (more than 1/3) are outliers, Check the data!!!.
  This is a Buffer data.


File name with serial #: SZJ19_00195.
  This is a Sample data.
  Rg =   63.99  +/-    0.48;  Rg =  2.896E-01  +/-  3.08E-04 
  Quality :  97%; Aggregated: -0.00


File name with serial #: SZJBuf4_00196.
  This is a Buffer data.


File name with serial #: SZJ4a_00197.
  This is a Sample data.
  BAD data for Guinier analysis!!!


File name with serial #: SZJ4b_00198.
  This is a Sample data.
  Rg =   50.73  +/-   27.68;  Rg =  1.974E-01  +/-  3.51E-04 
  Quality :  87%; Aggregated: 0.04


File name with serial #: SZJBuf6_00199.
  This is a Buffer data.


File name with serial #: SZJ6_00200.
  This is a Sample data.
  BAD data for Guinier analysis!!!


File name with serial #: SZJBuf9_00201.
Warning on SZJBuf9_00201: 100% (more than 1/3) are outliers, Check the data!!!.
  This is a Buffer data.


File name with serial #: SZJ9_00202.
  This is a Sample data.
  BAD data for Guinier analysis!!!


File name with serial #: SZJBuf12_00203.
  This is a Buffer data.


File name with serial #: SZJ12_00204.
  This is a Sample data.
  Rg =   65.59  +/-    9.84;  Rg =  2.153E-01  +/-  8.40E-04 
  Quality :  91%; Aggregated: 0.01


File name with serial #: SZJBuf14_00205.
  This is a Buffer data.


File name with serial #: SZJ14_00206.
  This is a Sample data.
  Rg =   79.76  +/-   11.89;  Rg =  2.437E-01  +/-  9.10E-04 
  Quality :  89%; Aggregated: 0.02


File name with serial #: SZJBuf15_00207.
  This is a Buffer data.


File name with serial #: SZJ15_00208.
  This is a Sample data.
  Rg =   84.90  +/-   11.67;  Rg =  2.711E-01  +/-  1.13E-03 
  Quality :  89%; Aggregated: 0.02


File name with serial #: SZJBuf16_00209.
  This is a Buffer data.


File name with serial #: SZJ16_00210.
  This is a Sample data.
  Rg =   89.63  +/-   25.83;  Rg =  3.137E-01  +/-  1.95E-03 
  Quality :  89%; Aggregated: 0.04


File name with serial #: SZJBuf9_00211.
  This is a Buffer data.


File name with serial #: SZJBuf9_00211.
  This is a Buffer data.


File name with serial #: SZJ9_00212.
Warning on SZJ9_00212: 100% (more than 1/3) are outliers, Check the data!!!.
  This is a Sample data.
  BAD data for Guinier analysis!!!


File name with serial #: SZJBuf9_00211.
  This is a Buffer data.


File name with serial #: SZJ9_00212.
Warning on SZJ9_00212: 100% (more than 1/3) are outliers, Check the data!!!.
  This is a Sample data.
  BAD data for Guinier analysis!!!


File name with serial #: SZJ9_00202.
  This is a Sample data.
  BAD data for Guinier analysis!!!


File name with serial #: SZJBuf9_00211.
  This is a Buffer data.


File name with serial #: SZJ9_00212.
Warning on SZJ9_00212: 100% (more than 1/3) are outliers, Check the data!!!.
  This is a Sample data.
  BAD data for Guinier analysis!!!


File name with serial #: SZJ9_00213.
  This is a Sample data.
  BAD data for Guinier analysis!!!


